#! /usr/bin/vvp
:ivl_version "12.0 (stable)" "(v12_0-dirty)";
:ivl_delay_selection "TYPICAL";
:vpi_time_precision - 9;
:vpi_module "/usr/lib/ivl/system.vpi";
:vpi_module "/usr/lib/ivl/vhdl_sys.vpi";
:vpi_module "/usr/lib/ivl/vhdl_textio.vpi";
:vpi_module "/usr/lib/ivl/v2005_math.vpi";
:vpi_module "/usr/lib/ivl/va_math.vpi";
S_0x5ced9b62fe90 .scope module, "cosTB" "cosTB" 2 4;
 .timescale -9 -9;
v0x5ced9b65d050_0 .var "clk", 0 0;
v0x5ced9b65d110_0 .net "done", 0 0, v0x5ced9b5f91b0_0;  1 drivers
v0x5ced9b65d220_0 .net "rBus", 17 0, L_0x5ced9b66e4b0;  1 drivers
v0x5ced9b65d310_0 .var "rst", 0 0;
v0x5ced9b65d3b0_0 .var "start", 0 0;
v0x5ced9b65d4f0_0 .var "xBus", 15 0;
S_0x5ced9b612050 .scope module, "cos" "cosTop" 2 12, 3 2 0, S_0x5ced9b62fe90;
 .timescale 0 0;
    .port_info 0 /INPUT 1 "clk";
    .port_info 1 /INPUT 1 "rst";
    .port_info 2 /INPUT 1 "start";
    .port_info 3 /INPUT 16 "xBus";
    .port_info 4 /OUTPUT 18 "rBus";
    .port_info 5 /OUTPUT 1 "done";
v0x5ced9b65c560_0 .net "clk", 0 0, v0x5ced9b65d050_0;  1 drivers
v0x5ced9b65c620_0 .net "cnt8", 0 0, L_0x5ced9b66f240;  1 drivers
v0x5ced9b65c730_0 .net "cntUp", 0 0, v0x5ced9b5f90b0_0;  1 drivers
v0x5ced9b65c7d0_0 .net "done", 0 0, v0x5ced9b5f91b0_0;  alias, 1 drivers
v0x5ced9b65c870_0 .net "init0", 0 0, v0x5ced9b5fda60_0;  1 drivers
v0x5ced9b65c960_0 .net "initC1", 0 0, v0x5ced9b5fdb60_0;  1 drivers
v0x5ced9b65ca00_0 .net "initT1", 0 0, v0x5ced9b6567e0_0;  1 drivers
v0x5ced9b65caa0_0 .net "ldC", 0 0, v0x5ced9b6568a0_0;  1 drivers
v0x5ced9b65cb40_0 .net "ldT", 0 0, v0x5ced9b656960_0;  1 drivers
v0x5ced9b65cbe0_0 .net "ldX", 0 0, v0x5ced9b656a20_0;  1 drivers
v0x5ced9b65cc80_0 .net "rBus", 17 0, L_0x5ced9b66e4b0;  alias, 1 drivers
v0x5ced9b65cd20_0 .net "rst", 0 0, v0x5ced9b65d310_0;  1 drivers
v0x5ced9b65cdc0_0 .net "selXR", 0 0, v0x5ced9b656d60_0;  1 drivers
v0x5ced9b65ce60_0 .net "start", 0 0, v0x5ced9b65d3b0_0;  1 drivers
v0x5ced9b65cf00_0 .net "xBus", 15 0, v0x5ced9b65d4f0_0;  1 drivers
S_0x5ced9b6121e0 .scope module, "cp" "cosCU" 3 10, 4 2 0, S_0x5ced9b612050;
 .timescale 0 0;
    .port_info 0 /INPUT 1 "clk";
    .port_info 1 /INPUT 1 "rst";
    .port_info 2 /INPUT 1 "start";
    .port_info 3 /INPUT 1 "cnt8";
    .port_info 4 /OUTPUT 1 "done";
    .port_info 5 /OUTPUT 1 "ldX";
    .port_info 6 /OUTPUT 1 "initT1";
    .port_info 7 /OUTPUT 1 "initC1";
    .port_info 8 /OUTPUT 1 "ldT";
    .port_info 9 /OUTPUT 1 "ldC";
    .port_info 10 /OUTPUT 1 "init0";
    .port_info 11 /OUTPUT 1 "cntUp";
    .port_info 12 /OUTPUT 1 "selXR";
P_0x5ced9b60a890 .param/l "ADD" 0 4 7, +C4<00000000000000000000000000000101>;
P_0x5ced9b60a8d0 .param/l "GETINPUT" 0 4 7, +C4<00000000000000000000000000000010>;
P_0x5ced9b60a910 .param/l "IDLE" 0 4 7, +C4<00000000000000000000000000000000>;
P_0x5ced9b60a950 .param/l "MULT1" 0 4 7, +C4<00000000000000000000000000000011>;
P_0x5ced9b60a990 .param/l "MULT2" 0 4 7, +C4<00000000000000000000000000000100>;
P_0x5ced9b60a9d0 .param/l "STARTING" 0 4 7, +C4<00000000000000000000000000000001>;
v0x5ced9b5fc7a0_0 .net "clk", 0 0, v0x5ced9b65d050_0;  alias, 1 drivers
v0x5ced9b5fc8a0_0 .net "cnt8", 0 0, L_0x5ced9b66f240;  alias, 1 drivers
v0x5ced9b5f90b0_0 .var "cntUp", 0 0;
v0x5ced9b5f91b0_0 .var "done", 0 0;
v0x5ced9b5fda60_0 .var "init0", 0 0;
v0x5ced9b5fdb60_0 .var "initC1", 0 0;
v0x5ced9b6567e0_0 .var "initT1", 0 0;
v0x5ced9b6568a0_0 .var "ldC", 0 0;
v0x5ced9b656960_0 .var "ldT", 0 0;
v0x5ced9b656a20_0 .var "ldX", 0 0;
v0x5ced9b656ae0_0 .var "nstate", 2 0;
v0x5ced9b656bc0_0 .var "pstate", 2 0;
v0x5ced9b656ca0_0 .net "rst", 0 0, v0x5ced9b65d310_0;  alias, 1 drivers
v0x5ced9b656d60_0 .var "selXR", 0 0;
v0x5ced9b656e20_0 .net "start", 0 0, v0x5ced9b65d3b0_0;  alias, 1 drivers
E_0x5ced9b605a60 .event anyedge, v0x5ced9b5fc8a0_0, v0x5ced9b656e20_0, v0x5ced9b656bc0_0;
E_0x5ced9b605c90 .event posedge, v0x5ced9b656ca0_0, v0x5ced9b5fc7a0_0;
S_0x5ced9b657080 .scope module, "du" "cosDU" 3 7, 5 2 0, S_0x5ced9b612050;
 .timescale 0 0;
    .port_info 0 /INPUT 1 "clk";
    .port_info 1 /INPUT 1 "rst";
    .port_info 2 /INPUT 1 "cntUp";
    .port_info 3 /INPUT 1 "init0";
    .port_info 4 /INPUT 1 "ldX";
    .port_info 5 /INPUT 1 "ldT";
    .port_info 6 /INPUT 1 "initT1";
    .port_info 7 /INPUT 1 "ldC";
    .port_info 8 /INPUT 1 "initC1";
    .port_info 9 /INPUT 1 "selXR";
    .port_info 10 /INPUT 16 "xBus";
    .port_info 11 /OUTPUT 1 "cnt8";
    .port_info 12 /OUTPUT 18 "rBus";
L_0x5ced9b66e4b0 .functor BUFZ 18, v0x5ced9b657940_0, C4<000000000000000000>, C4<000000000000000000>, C4<000000000000000000>;
v0x5ced9b659920_0 .net *"_ivl_10", 31 0, L_0x5ced9b66d890;  1 drivers
L_0x78ecda9c60a8 .functor BUFT 1, C4<0000000000000000>, C4<0>, C4<0>, C4<0>;
v0x5ced9b659a20_0 .net *"_ivl_13", 15 0, L_0x78ecda9c60a8;  1 drivers
v0x5ced9b659b00_0 .net *"_ivl_16", 31 0, L_0x5ced9b66db20;  1 drivers
L_0x78ecda9c60f0 .functor BUFT 1, C4<0000000000000000000000000000000>, C4<0>, C4<0>, C4<0>;
v0x5ced9b659bc0_0 .net *"_ivl_19", 30 0, L_0x78ecda9c60f0;  1 drivers
L_0x78ecda9c6138 .functor BUFT 1, C4<00000000000000000000000000000000>, C4<0>, C4<0>, C4<0>;
v0x5ced9b659ca0_0 .net/2u *"_ivl_20", 31 0, L_0x78ecda9c6138;  1 drivers
v0x5ced9b659d80_0 .net *"_ivl_22", 0 0, L_0x5ced9b66dcd0;  1 drivers
v0x5ced9b659e40_0 .net *"_ivl_25", 15 0, L_0x5ced9b66de10;  1 drivers
v0x5ced9b659f20_0 .net *"_ivl_28", 31 0, L_0x5ced9b66e090;  1 drivers
L_0x78ecda9c6180 .functor BUFT 1, C4<0000000000000000>, C4<0>, C4<0>, C4<0>;
v0x5ced9b65a000_0 .net *"_ivl_31", 15 0, L_0x78ecda9c6180;  1 drivers
v0x5ced9b65a170_0 .net *"_ivl_32", 31 0, L_0x5ced9b66e1e0;  1 drivers
L_0x78ecda9c61c8 .functor BUFT 1, C4<0000000000000000>, C4<0>, C4<0>, C4<0>;
v0x5ced9b65a250_0 .net *"_ivl_35", 15 0, L_0x78ecda9c61c8;  1 drivers
v0x5ced9b65a330_0 .net *"_ivl_38", 31 0, L_0x5ced9b66e520;  1 drivers
L_0x78ecda9c6210 .functor BUFT 1, C4<0000000000000000000000000000000>, C4<0>, C4<0>, C4<0>;
v0x5ced9b65a410_0 .net *"_ivl_41", 30 0, L_0x78ecda9c6210;  1 drivers
L_0x78ecda9c6258 .functor BUFT 1, C4<00000000000000000000000000000001>, C4<0>, C4<0>, C4<0>;
v0x5ced9b65a4f0_0 .net/2u *"_ivl_42", 31 0, L_0x78ecda9c6258;  1 drivers
v0x5ced9b65a5d0_0 .net *"_ivl_44", 0 0, L_0x5ced9b66e6f0;  1 drivers
L_0x78ecda9c62a0 .functor BUFT 1, C4<00>, C4<0>, C4<0>, C4<0>;
v0x5ced9b65a690_0 .net/2u *"_ivl_46", 1 0, L_0x78ecda9c62a0;  1 drivers
v0x5ced9b65a770_0 .net *"_ivl_48", 17 0, L_0x5ced9b66e860;  1 drivers
v0x5ced9b65a850_0 .net *"_ivl_50", 17 0, L_0x5ced9b66e950;  1 drivers
L_0x78ecda9c62e8 .functor BUFT 1, C4<00>, C4<0>, C4<0>, C4<0>;
v0x5ced9b65a930_0 .net/2u *"_ivl_52", 1 0, L_0x78ecda9c62e8;  1 drivers
v0x5ced9b65aa10_0 .net *"_ivl_54", 17 0, L_0x5ced9b66eb20;  1 drivers
v0x5ced9b65aaf0_0 .net *"_ivl_56", 17 0, L_0x5ced9b66ec50;  1 drivers
v0x5ced9b65abd0_0 .net *"_ivl_6", 31 0, L_0x5ced9b65d740;  1 drivers
L_0x78ecda9c6330 .functor BUFT 1, C4<111>, C4<0>, C4<0>, C4<0>;
v0x5ced9b65acb0_0 .net/2u *"_ivl_62", 2 0, L_0x78ecda9c6330;  1 drivers
v0x5ced9b65ad90_0 .net *"_ivl_64", 0 0, L_0x5ced9b66efc0;  1 drivers
L_0x78ecda9c6378 .functor BUFT 1, C4<01>, C4<0>, C4<0>, C4<0>;
v0x5ced9b65ae50_0 .net/2s *"_ivl_66", 1 0, L_0x78ecda9c6378;  1 drivers
L_0x78ecda9c63c0 .functor BUFT 1, C4<00>, C4<0>, C4<0>, C4<0>;
v0x5ced9b65af30_0 .net/2s *"_ivl_68", 1 0, L_0x78ecda9c63c0;  1 drivers
v0x5ced9b65b010_0 .net *"_ivl_70", 1 0, L_0x5ced9b66ed40;  1 drivers
L_0x78ecda9c6060 .functor BUFT 1, C4<0000000000000000>, C4<0>, C4<0>, C4<0>;
v0x5ced9b65b0f0_0 .net *"_ivl_9", 15 0, L_0x78ecda9c6060;  1 drivers
v0x5ced9b65b1d0_0 .net "addOut", 17 0, L_0x5ced9b66ede0;  1 drivers
v0x5ced9b65b290_0 .net "cOut", 17 0, v0x5ced9b657940_0;  1 drivers
v0x5ced9b65b360_0 .net "clk", 0 0, v0x5ced9b65d050_0;  alias, 1 drivers
v0x5ced9b65b400_0 .net "cnt8", 0 0, L_0x5ced9b66f240;  alias, 1 drivers
v0x5ced9b65b4d0_0 .net "cntOut", 2 0, v0x5ced9b657ef0_0;  1 drivers
v0x5ced9b65b570_0 .net "cntUp", 0 0, v0x5ced9b5f90b0_0;  alias, 1 drivers
v0x5ced9b65b660_0 .net "init0", 0 0, v0x5ced9b5fda60_0;  alias, 1 drivers
v0x5ced9b65b750_0 .net "initC1", 0 0, v0x5ced9b5fdb60_0;  alias, 1 drivers
v0x5ced9b65b840_0 .net "initT1", 0 0, v0x5ced9b6567e0_0;  alias, 1 drivers
v0x5ced9b65b930_0 .net "isOdd", 0 0, L_0x5ced9b65d6a0;  1 drivers
v0x5ced9b65b9d0_0 .net "ldC", 0 0, v0x5ced9b6568a0_0;  alias, 1 drivers
v0x5ced9b65bac0_0 .net "ldT", 0 0, v0x5ced9b656960_0;  alias, 1 drivers
v0x5ced9b65bbb0_0 .net "ldX", 0 0, v0x5ced9b656a20_0;  alias, 1 drivers
v0x5ced9b65bca0_0 .net "lutOut", 15 0, v0x5ced9b6586b0_0;  1 drivers
v0x5ced9b65bd60_0 .net "mulOut", 31 0, L_0x5ced9b66e320;  1 drivers
v0x5ced9b65be20_0 .net "muxOut", 15 0, L_0x5ced9b66df50;  1 drivers
v0x5ced9b65bf00_0 .net "rBus", 17 0, L_0x5ced9b66e4b0;  alias, 1 drivers
v0x5ced9b65bfe0_0 .net "rst", 0 0, v0x5ced9b65d310_0;  alias, 1 drivers
v0x5ced9b65c080_0 .net "selXR", 0 0, v0x5ced9b656d60_0;  alias, 1 drivers
v0x5ced9b65c120_0 .net "tOut", 15 0, v0x5ced9b658e10_0;  1 drivers
v0x5ced9b65c1c0_0 .net "xBus", 15 0, v0x5ced9b65d4f0_0;  alias, 1 drivers
v0x5ced9b65c260_0 .net "xOut", 15 0, v0x5ced9b659630_0;  1 drivers
v0x5ced9b65c300_0 .net "xSquared", 31 0, L_0x5ced9b66d9b0;  1 drivers
L_0x5ced9b65d600 .part L_0x5ced9b66e320, 16, 16;
L_0x5ced9b65d6a0 .part v0x5ced9b657ef0_0, 0, 1;
L_0x5ced9b65d740 .concat [ 16 16 0 0], v0x5ced9b659630_0, L_0x78ecda9c6060;
L_0x5ced9b66d890 .concat [ 16 16 0 0], v0x5ced9b659630_0, L_0x78ecda9c60a8;
L_0x5ced9b66d9b0 .arith/mult 32, L_0x5ced9b65d740, L_0x5ced9b66d890;
L_0x5ced9b66db20 .concat [ 1 31 0 0], v0x5ced9b656d60_0, L_0x78ecda9c60f0;
L_0x5ced9b66dcd0 .cmp/eq 32, L_0x5ced9b66db20, L_0x78ecda9c6138;
L_0x5ced9b66de10 .part L_0x5ced9b66d9b0, 16, 16;
L_0x5ced9b66df50 .functor MUXZ 16, v0x5ced9b6586b0_0, L_0x5ced9b66de10, L_0x5ced9b66dcd0, C4<>;
L_0x5ced9b66e090 .concat [ 16 16 0 0], L_0x5ced9b66df50, L_0x78ecda9c6180;
L_0x5ced9b66e1e0 .concat [ 16 16 0 0], v0x5ced9b658e10_0, L_0x78ecda9c61c8;
L_0x5ced9b66e320 .arith/mult 32, L_0x5ced9b66e090, L_0x5ced9b66e1e0;
L_0x5ced9b66e520 .concat [ 1 31 0 0], L_0x5ced9b65d6a0, L_0x78ecda9c6210;
L_0x5ced9b66e6f0 .cmp/eq 32, L_0x5ced9b66e520, L_0x78ecda9c6258;
L_0x5ced9b66e860 .concat [ 16 2 0 0], v0x5ced9b658e10_0, L_0x78ecda9c62a0;
L_0x5ced9b66e950 .arith/sub 18, v0x5ced9b657940_0, L_0x5ced9b66e860;
L_0x5ced9b66eb20 .concat [ 16 2 0 0], v0x5ced9b658e10_0, L_0x78ecda9c62e8;
L_0x5ced9b66ec50 .arith/sum 18, v0x5ced9b657940_0, L_0x5ced9b66eb20;
L_0x5ced9b66ede0 .functor MUXZ 18, L_0x5ced9b66ec50, L_0x5ced9b66e950, L_0x5ced9b66e6f0, C4<>;
L_0x5ced9b66efc0 .cmp/eq 3, v0x5ced9b657ef0_0, L_0x78ecda9c6330;
L_0x5ced9b66ed40 .functor MUXZ 2, L_0x78ecda9c63c0, L_0x78ecda9c6378, L_0x5ced9b66efc0, C4<>;
L_0x5ced9b66f240 .part L_0x5ced9b66ed40, 0, 1;
S_0x5ced9b657370 .scope module, "cReg" "reg18" 5 18, 6 2 0, S_0x5ced9b657080;
 .timescale 0 0;
    .port_info 0 /INPUT 1 "clk";
    .port_info 1 /INPUT 1 "rst";
    .port_info 2 /INPUT 1 "init1";
    .port_info 3 /INPUT 1 "load";
    .port_info 4 /INPUT 18 "in";
    .port_info 5 /OUTPUT 18 "out";
v0x5ced9b6575f0_0 .net "clk", 0 0, v0x5ced9b65d050_0;  alias, 1 drivers
v0x5ced9b6576b0_0 .net "in", 17 0, L_0x5ced9b66ede0;  alias, 1 drivers
v0x5ced9b657770_0 .net "init1", 0 0, v0x5ced9b5fdb60_0;  alias, 1 drivers
v0x5ced9b657870_0 .net "load", 0 0, v0x5ced9b6568a0_0;  alias, 1 drivers
v0x5ced9b657940_0 .var "out", 17 0;
v0x5ced9b657a30_0 .net "rst", 0 0, v0x5ced9b65d310_0;  alias, 1 drivers
S_0x5ced9b657b50 .scope module, "cntr" "cntReg" 5 14, 7 2 0, S_0x5ced9b657080;
 .timescale 0 0;
    .port_info 0 /INPUT 1 "clk";
    .port_info 1 /INPUT 1 "rst";
    .port_info 2 /INPUT 1 "cntUp";
    .port_info 3 /INPUT 1 "init0";
    .port_info 4 /OUTPUT 3 "cnt";
v0x5ced9b657e00_0 .net "clk", 0 0, v0x5ced9b65d050_0;  alias, 1 drivers
v0x5ced9b657ef0_0 .var "cnt", 2 0;
v0x5ced9b657fd0_0 .net "cntUp", 0 0, v0x5ced9b5f90b0_0;  alias, 1 drivers
v0x5ced9b6580a0_0 .net "init0", 0 0, v0x5ced9b5fda60_0;  alias, 1 drivers
v0x5ced9b658170_0 .net "rst", 0 0, v0x5ced9b65d310_0;  alias, 1 drivers
S_0x5ced9b6582f0 .scope module, "lut" "cosLUT" 5 15, 8 2 0, S_0x5ced9b657080;
 .timescale 0 0;
    .port_info 0 /INPUT 3 "addr";
    .port_info 1 /OUTPUT 16 "data";
v0x5ced9b658510_0 .net "addr", 2 0, v0x5ced9b657ef0_0;  alias, 1 drivers
v0x5ced9b6585f0_0 .net "data", 15 0, v0x5ced9b6586b0_0;  alias, 1 drivers
v0x5ced9b6586b0_0 .var "dataOut", 15 0;
E_0x5ced9b63ae00 .event anyedge, v0x5ced9b657ef0_0;
S_0x5ced9b658800 .scope module, "tReg" "reg16" 5 17, 9 2 0, S_0x5ced9b657080;
 .timescale 0 0;
    .port_info 0 /INPUT 1 "clk";
    .port_info 1 /INPUT 1 "rst";
    .port_info 2 /INPUT 1 "init1";
    .port_info 3 /INPUT 1 "load";
    .port_info 4 /INPUT 16 "in";
    .port_info 5 /OUTPUT 16 "out";
v0x5ced9b658ac0_0 .net "clk", 0 0, v0x5ced9b65d050_0;  alias, 1 drivers
v0x5ced9b658b60_0 .net "in", 15 0, L_0x5ced9b65d600;  1 drivers
v0x5ced9b658c40_0 .net "init1", 0 0, v0x5ced9b6567e0_0;  alias, 1 drivers
v0x5ced9b658d40_0 .net "load", 0 0, v0x5ced9b656960_0;  alias, 1 drivers
v0x5ced9b658e10_0 .var "out", 15 0;
v0x5ced9b658f00_0 .net "rst", 0 0, v0x5ced9b65d310_0;  alias, 1 drivers
S_0x5ced9b659080 .scope module, "xReg" "reg16" 5 16, 9 2 0, S_0x5ced9b657080;
 .timescale 0 0;
    .port_info 0 /INPUT 1 "clk";
    .port_info 1 /INPUT 1 "rst";
    .port_info 2 /INPUT 1 "init1";
    .port_info 3 /INPUT 1 "load";
    .port_info 4 /INPUT 16 "in";
    .port_info 5 /OUTPUT 16 "out";
v0x5ced9b659350_0 .net "clk", 0 0, v0x5ced9b65d050_0;  alias, 1 drivers
v0x5ced9b659410_0 .net "in", 15 0, v0x5ced9b65d4f0_0;  alias, 1 drivers
L_0x78ecda9c6018 .functor BUFT 1, C4<0>, C4<0>, C4<0>, C4<0>;
v0x5ced9b6594f0_0 .net "init1", 0 0, L_0x78ecda9c6018;  1 drivers
v0x5ced9b659590_0 .net "load", 0 0, v0x5ced9b656a20_0;  alias, 1 drivers
v0x5ced9b659630_0 .var "out", 15 0;
v0x5ced9b6596f0_0 .net "rst", 0 0, v0x5ced9b65d310_0;  alias, 1 drivers
    .scope S_0x5ced9b657b50;
T_0 ;
    %wait E_0x5ced9b605c90;
    %load/vec4 v0x5ced9b658170_0;
    %pad/u 32;
    %cmpi/e 1, 0, 32;
    %jmp/0xz  T_0.0, 4;
    %pushi/vec4 0, 0, 3;
    %assign/vec4 v0x5ced9b657ef0_0, 0;
    %jmp T_0.1;
T_0.0 ;
    %load/vec4 v0x5ced9b6580a0_0;
    %pad/u 32;
    %cmpi/e 1, 0, 32;
    %jmp/0xz  T_0.2, 4;
    %pushi/vec4 0, 0, 3;
    %assign/vec4 v0x5ced9b657ef0_0, 0;
    %jmp T_0.3;
T_0.2 ;
    %load/vec4 v0x5ced9b657fd0_0;
    %pad/u 32;
    %cmpi/e 1, 0, 32;
    %jmp/0xz  T_0.4, 4;
    %load/vec4 v0x5ced9b657ef0_0;
    %addi 1, 0, 3;
    %assign/vec4 v0x5ced9b657ef0_0, 0;
T_0.4 ;
T_0.3 ;
T_0.1 ;
    %jmp T_0;
    .thread T_0;
    .scope S_0x5ced9b6582f0;
T_1 ;
    %wait E_0x5ced9b63ae00;
    %load/vec4 v0x5ced9b658510_0;
    %dup/vec4;
    %pushi/vec4 0, 0, 3;
    %cmp/u;
    %jmp/1 T_1.0, 6;
    %dup/vec4;
    %pushi/vec4 1, 0, 3;
    %cmp/u;
    %jmp/1 T_1.1, 6;
    %dup/vec4;
    %pushi/vec4 2, 0, 3;
    %cmp/u;
    %jmp/1 T_1.2, 6;
    %dup/vec4;
    %pushi/vec4 3, 0, 3;
    %cmp/u;
    %jmp/1 T_1.3, 6;
    %dup/vec4;
    %pushi/vec4 4, 0, 3;
    %cmp/u;
    %jmp/1 T_1.4, 6;
    %dup/vec4;
    %pushi/vec4 5, 0, 3;
    %cmp/u;
    %jmp/1 T_1.5, 6;
    %dup/vec4;
    %pushi/vec4 6, 0, 3;
    %cmp/u;
    %jmp/1 T_1.6, 6;
    %dup/vec4;
    %pushi/vec4 7, 0, 3;
    %cmp/u;
    %jmp/1 T_1.7, 6;
    %jmp T_1.8;
T_1.0 ;
    %pushi/vec4 32768, 0, 16;
    %store/vec4 v0x5ced9b6586b0_0, 0, 16;
    %jmp T_1.8;
T_1.1 ;
    %pushi/vec4 2731, 0, 16;
    %store/vec4 v0x5ced9b6586b0_0, 0, 16;
    %jmp T_1.8;
T_1.2 ;
    %pushi/vec4 91, 0, 16;
    %store/vec4 v0x5ced9b6586b0_0, 0, 16;
    %jmp T_1.8;
T_1.3 ;
    %pushi/vec4 2, 0, 16;
    %store/vec4 v0x5ced9b6586b0_0, 0, 16;
    %jmp T_1.8;
T_1.4 ;
    %pushi/vec4 0, 0, 16;
    %store/vec4 v0x5ced9b6586b0_0, 0, 16;
    %jmp T_1.8;
T_1.5 ;
    %pushi/vec4 0, 0, 16;
    %store/vec4 v0x5ced9b6586b0_0, 0, 16;
    %jmp T_1.8;
T_1.6 ;
    %pushi/vec4 0, 0, 16;
    %store/vec4 v0x5ced9b6586b0_0, 0, 16;
    %jmp T_1.8;
T_1.7 ;
    %pushi/vec4 0, 0, 16;
    %store/vec4 v0x5ced9b6586b0_0, 0, 16;
    %jmp T_1.8;
T_1.8 ;
    %pop/vec4 1;
    %jmp T_1;
    .thread T_1, $push;
    .scope S_0x5ced9b659080;
T_2 ;
    %wait E_0x5ced9b605c90;
    %load/vec4 v0x5ced9b6596f0_0;
    %pad/u 32;
    %cmpi/e 1, 0, 32;
    %jmp/0xz  T_2.0, 4;
    %pushi/vec4 0, 0, 16;
    %assign/vec4 v0x5ced9b659630_0, 0;
    %jmp T_2.1;
T_2.0 ;
    %load/vec4 v0x5ced9b6594f0_0;
    %pad/u 32;
    %cmpi/e 1, 0, 32;
    %jmp/0xz  T_2.2, 4;
    %pushi/vec4 65535, 0, 16;
    %assign/vec4 v0x5ced9b659630_0, 0;
    %jmp T_2.3;
T_2.2 ;
    %load/vec4 v0x5ced9b659590_0;
    %pad/u 32;
    %cmpi/e 1, 0, 32;
    %jmp/0xz  T_2.4, 4;
    %load/vec4 v0x5ced9b659410_0;
    %assign/vec4 v0x5ced9b659630_0, 0;
T_2.4 ;
T_2.3 ;
T_2.1 ;
    %jmp T_2;
    .thread T_2;
    .scope S_0x5ced9b658800;
T_3 ;
    %wait E_0x5ced9b605c90;
    %load/vec4 v0x5ced9b658f00_0;
    %pad/u 32;
    %cmpi/e 1, 0, 32;
    %jmp/0xz  T_3.0, 4;
    %pushi/vec4 0, 0, 16;
    %assign/vec4 v0x5ced9b658e10_0, 0;
    %jmp T_3.1;
T_3.0 ;
    %load/vec4 v0x5ced9b658c40_0;
    %pad/u 32;
    %cmpi/e 1, 0, 32;
    %jmp/0xz  T_3.2, 4;
    %pushi/vec4 65535, 0, 16;
    %assign/vec4 v0x5ced9b658e10_0, 0;
    %jmp T_3.3;
T_3.2 ;
    %load/vec4 v0x5ced9b658d40_0;
    %pad/u 32;
    %cmpi/e 1, 0, 32;
    %jmp/0xz  T_3.4, 4;
    %load/vec4 v0x5ced9b658b60_0;
    %assign/vec4 v0x5ced9b658e10_0, 0;
T_3.4 ;
T_3.3 ;
T_3.1 ;
    %jmp T_3;
    .thread T_3;
    .scope S_0x5ced9b657370;
T_4 ;
    %wait E_0x5ced9b605c90;
    %load/vec4 v0x5ced9b657a30_0;
    %pad/u 32;
    %cmpi/e 1, 0, 32;
    %jmp/0xz  T_4.0, 4;
    %pushi/vec4 0, 0, 18;
    %assign/vec4 v0x5ced9b657940_0, 0;
    %jmp T_4.1;
T_4.0 ;
    %load/vec4 v0x5ced9b657770_0;
    %pad/u 32;
    %cmpi/e 1, 0, 32;
    %jmp/0xz  T_4.2, 4;
    %pushi/vec4 65536, 0, 18;
    %assign/vec4 v0x5ced9b657940_0, 0;
    %jmp T_4.3;
T_4.2 ;
    %load/vec4 v0x5ced9b657870_0;
    %pad/u 32;
    %cmpi/e 1, 0, 32;
    %jmp/0xz  T_4.4, 4;
    %load/vec4 v0x5ced9b6576b0_0;
    %assign/vec4 v0x5ced9b657940_0, 0;
T_4.4 ;
T_4.3 ;
T_4.1 ;
    %jmp T_4;
    .thread T_4;
    .scope S_0x5ced9b6121e0;
T_5 ;
    %wait E_0x5ced9b605c90;
    %load/vec4 v0x5ced9b656ca0_0;
    %pad/u 32;
    %cmpi/e 1, 0, 32;
    %jmp/0xz  T_5.0, 4;
    %pushi/vec4 0, 0, 3;
    %assign/vec4 v0x5ced9b656bc0_0, 0;
    %jmp T_5.1;
T_5.0 ;
    %load/vec4 v0x5ced9b656ae0_0;
    %assign/vec4 v0x5ced9b656bc0_0, 0;
T_5.1 ;
    %jmp T_5;
    .thread T_5;
    .scope S_0x5ced9b6121e0;
T_6 ;
    %wait E_0x5ced9b605a60;
    %pushi/vec4 0, 0, 3;
    %store/vec4 v0x5ced9b656ae0_0, 0, 3;
    %pushi/vec4 0, 0, 1;
    %store/vec4 v0x5ced9b5f91b0_0, 0, 1;
    %pushi/vec4 0, 0, 8;
    %split/vec4 1;
    %store/vec4 v0x5ced9b656d60_0, 0, 1;
    %split/vec4 1;
    %store/vec4 v0x5ced9b5f90b0_0, 0, 1;
    %split/vec4 1;
    %store/vec4 v0x5ced9b5fda60_0, 0, 1;
    %split/vec4 1;
    %store/vec4 v0x5ced9b6568a0_0, 0, 1;
    %split/vec4 1;
    %store/vec4 v0x5ced9b656960_0, 0, 1;
    %split/vec4 1;
    %store/vec4 v0x5ced9b5fdb60_0, 0, 1;
    %split/vec4 1;
    %store/vec4 v0x5ced9b6567e0_0, 0, 1;
    %store/vec4 v0x5ced9b656a20_0, 0, 1;
    %load/vec4 v0x5ced9b656bc0_0;
    %pad/u 32;
    %cmpi/e 0, 0, 32;
    %jmp/0xz  T_6.0, 4;
    %load/vec4 v0x5ced9b656e20_0;
    %pad/u 32;
    %cmpi/e 1, 0, 32;
    %flag_mov 8, 4;
    %jmp/0 T_6.2, 8;
    %pushi/vec4 1, 0, 32;
    %jmp/1 T_6.3, 8;
T_6.2 ; End of true expr.
    %pushi/vec4 0, 0, 32;
    %jmp/0 T_6.3, 8;
 ; End of false expr.
    %blend;
T_6.3;
    %pad/s 3;
    %store/vec4 v0x5ced9b656ae0_0, 0, 3;
    %pushi/vec4 1, 0, 1;
    %store/vec4 v0x5ced9b5f91b0_0, 0, 1;
T_6.0 ;
    %load/vec4 v0x5ced9b656bc0_0;
    %pad/u 32;
    %cmpi/e 1, 0, 32;
    %jmp/0xz  T_6.4, 4;
    %load/vec4 v0x5ced9b656e20_0;
    %pad/u 32;
    %cmpi/e 0, 0, 32;
    %flag_mov 8, 4;
    %jmp/0 T_6.6, 8;
    %pushi/vec4 2, 0, 32;
    %jmp/1 T_6.7, 8;
T_6.6 ; End of true expr.
    %pushi/vec4 1, 0, 32;
    %jmp/0 T_6.7, 8;
 ; End of false expr.
    %blend;
T_6.7;
    %pad/s 3;
    %store/vec4 v0x5ced9b656ae0_0, 0, 3;
T_6.4 ;
    %load/vec4 v0x5ced9b656bc0_0;
    %pad/u 32;
    %cmpi/e 2, 0, 32;
    %jmp/0xz  T_6.8, 4;
    %pushi/vec4 3, 0, 3;
    %store/vec4 v0x5ced9b656ae0_0, 0, 3;
    %pushi/vec4 1, 0, 1;
    %store/vec4 v0x5ced9b656a20_0, 0, 1;
    %pushi/vec4 1, 0, 1;
    %store/vec4 v0x5ced9b6567e0_0, 0, 1;
    %pushi/vec4 1, 0, 1;
    %store/vec4 v0x5ced9b5fdb60_0, 0, 1;
    %pushi/vec4 1, 0, 1;
    %store/vec4 v0x5ced9b5fda60_0, 0, 1;
T_6.8 ;
    %load/vec4 v0x5ced9b656bc0_0;
    %pad/u 32;
    %cmpi/e 3, 0, 32;
    %jmp/0xz  T_6.10, 4;
    %pushi/vec4 4, 0, 3;
    %store/vec4 v0x5ced9b656ae0_0, 0, 3;
    %pushi/vec4 1, 0, 1;
    %store/vec4 v0x5ced9b656d60_0, 0, 1;
    %pushi/vec4 1, 0, 1;
    %store/vec4 v0x5ced9b656960_0, 0, 1;
T_6.10 ;
    %load/vec4 v0x5ced9b656bc0_0;
    %pad/u 32;
    %cmpi/e 4, 0, 32;
    %jmp/0xz  T_6.12, 4;
    %pushi/vec4 5, 0, 3;
    %store/vec4 v0x5ced9b656ae0_0, 0, 3;
    %pushi/vec4 1, 0, 1;
    %store/vec4 v0x5ced9b656960_0, 0, 1;
T_6.12 ;
    %load/vec4 v0x5ced9b656bc0_0;
    %pad/u 32;
    %cmpi/e 5, 0, 32;
    %jmp/0xz  T_6.14, 4;
    %load/vec4 v0x5ced9b5fc8a0_0;
    %pad/u 32;
    %cmpi/e 1, 0, 32;
    %flag_mov 8, 4;
    %jmp/0 T_6.16, 8;
    %pushi/vec4 0, 0, 32;
    %jmp/1 T_6.17, 8;
T_6.16 ; End of true expr.
    %pushi/vec4 3, 0, 32;
    %jmp/0 T_6.17, 8;
 ; End of false expr.
    %blend;
T_6.17;
    %pad/s 3;
    %store/vec4 v0x5ced9b656ae0_0, 0, 3;
    %pushi/vec4 1, 0, 1;
    %store/vec4 v0x5ced9b6568a0_0, 0, 1;
    %pushi/vec4 1, 0, 1;
    %store/vec4 v0x5ced9b5f90b0_0, 0, 1;
T_6.14 ;
    %jmp T_6;
    .thread T_6, $push;
    .scope S_0x5ced9b62fe90;
T_7 ;
    %pushi/vec4 0, 0, 1;
    %store/vec4 v0x5ced9b65d050_0, 0, 1;
    %pushi/vec4 0, 0, 1;
    %store/vec4 v0x5ced9b65d310_0, 0, 1;
    %pushi/vec4 0, 0, 1;
    %store/vec4 v0x5ced9b65d3b0_0, 0, 1;
    %end;
    .thread T_7;
    .scope S_0x5ced9b62fe90;
T_8 ;
    %delay 5, 0;
    %load/vec4 v0x5ced9b65d050_0;
    %inv;
    %assign/vec4 v0x5ced9b65d050_0, 0;
    %jmp T_8;
    .thread T_8;
    .scope S_0x5ced9b62fe90;
T_9 ;
    %vpi_call 2 18 "$dumpfile", "cos_sim.vcd" {0 0 0};
    %vpi_call 2 19 "$dumpvars", 32'sb00000000000000000000000000000000, S_0x5ced9b62fe90 {0 0 0};
    %delay 5, 0;
    %pushi/vec4 1, 0, 1;
    %store/vec4 v0x5ced9b65d310_0, 0, 1;
    %delay 5, 0;
    %delay 5, 0;
    %pushi/vec4 0, 0, 1;
    %store/vec4 v0x5ced9b65d310_0, 0, 1;
    %pushi/vec4 0, 0, 16;
    %store/vec4 v0x5ced9b65d4f0_0, 0, 16;
    %pushi/vec4 1, 0, 1;
    %store/vec4 v0x5ced9b65d3b0_0, 0, 1;
    %delay 5, 0;
    %delay 5, 0;
    %pushi/vec4 0, 0, 1;
    %store/vec4 v0x5ced9b65d3b0_0, 0, 1;
    %delay 300, 0;
    %delay 5, 0;
    %pushi/vec4 1, 0, 1;
    %store/vec4 v0x5ced9b65d310_0, 0, 1;
    %delay 5, 0;
    %delay 5, 0;
    %pushi/vec4 0, 0, 1;
    %store/vec4 v0x5ced9b65d310_0, 0, 1;
    %pushi/vec4 8192, 0, 16;
    %store/vec4 v0x5ced9b65d4f0_0, 0, 16;
    %pushi/vec4 1, 0, 1;
    %store/vec4 v0x5ced9b65d3b0_0, 0, 1;
    %delay 5, 0;
    %delay 5, 0;
    %pushi/vec4 0, 0, 1;
    %store/vec4 v0x5ced9b65d3b0_0, 0, 1;
    %delay 300, 0;
    %delay 5, 0;
    %pushi/vec4 1, 0, 1;
    %store/vec4 v0x5ced9b65d310_0, 0, 1;
    %delay 5, 0;
    %delay 5, 0;
    %pushi/vec4 0, 0, 1;
    %store/vec4 v0x5ced9b65d310_0, 0, 1;
    %pushi/vec4 16384, 0, 16;
    %store/vec4 v0x5ced9b65d4f0_0, 0, 16;
    %pushi/vec4 1, 0, 1;
    %store/vec4 v0x5ced9b65d3b0_0, 0, 1;
    %delay 5, 0;
    %delay 5, 0;
    %pushi/vec4 0, 0, 1;
    %store/vec4 v0x5ced9b65d3b0_0, 0, 1;
    %delay 300, 0;
    %delay 5, 0;
    %pushi/vec4 1, 0, 1;
    %store/vec4 v0x5ced9b65d310_0, 0, 1;
    %delay 5, 0;
    %delay 5, 0;
    %pushi/vec4 0, 0, 1;
    %store/vec4 v0x5ced9b65d310_0, 0, 1;
    %pushi/vec4 32768, 0, 16;
    %store/vec4 v0x5ced9b65d4f0_0, 0, 16;
    %pushi/vec4 1, 0, 1;
    %store/vec4 v0x5ced9b65d3b0_0, 0, 1;
    %delay 5, 0;
    %delay 5, 0;
    %pushi/vec4 0, 0, 1;
    %store/vec4 v0x5ced9b65d3b0_0, 0, 1;
    %delay 300, 0;
    %delay 5, 0;
    %pushi/vec4 1, 0, 1;
    %store/vec4 v0x5ced9b65d310_0, 0, 1;
    %delay 5, 0;
    %delay 5, 0;
    %pushi/vec4 0, 0, 1;
    %store/vec4 v0x5ced9b65d310_0, 0, 1;
    %pushi/vec4 65535, 0, 16;
    %store/vec4 v0x5ced9b65d4f0_0, 0, 16;
    %pushi/vec4 1, 0, 1;
    %store/vec4 v0x5ced9b65d3b0_0, 0, 1;
    %delay 5, 0;
    %delay 5, 0;
    %pushi/vec4 0, 0, 1;
    %store/vec4 v0x5ced9b65d3b0_0, 0, 1;
    %delay 300, 0;
    %delay 5, 0;
    %pushi/vec4 1, 0, 1;
    %store/vec4 v0x5ced9b65d310_0, 0, 1;
    %delay 5, 0;
    %delay 5, 0;
    %pushi/vec4 0, 0, 1;
    %store/vec4 v0x5ced9b65d310_0, 0, 1;
    %pushi/vec4 32768, 0, 16;
    %store/vec4 v0x5ced9b65d4f0_0, 0, 16;
    %pushi/vec4 1, 0, 1;
    %store/vec4 v0x5ced9b65d3b0_0, 0, 1;
    %delay 5, 0;
    %delay 5, 0;
    %pushi/vec4 0, 0, 1;
    %store/vec4 v0x5ced9b65d3b0_0, 0, 1;
    %delay 300, 0;
    %delay 5, 0;
    %pushi/vec4 1, 0, 1;
    %store/vec4 v0x5ced9b65d310_0, 0, 1;
    %delay 5, 0;
    %delay 5, 0;
    %pushi/vec4 0, 0, 1;
    %store/vec4 v0x5ced9b65d310_0, 0, 1;
    %pushi/vec4 0, 0, 16;
    %store/vec4 v0x5ced9b65d4f0_0, 0, 16;
    %pushi/vec4 1, 0, 1;
    %store/vec4 v0x5ced9b65d3b0_0, 0, 1;
    %delay 5, 0;
    %delay 5, 0;
    %pushi/vec4 0, 0, 1;
    %store/vec4 v0x5ced9b65d3b0_0, 0, 1;
    %delay 300, 0;
    %delay 5, 0;
    %pushi/vec4 1, 0, 1;
    %store/vec4 v0x5ced9b65d310_0, 0, 1;
    %delay 5, 0;
    %delay 5, 0;
    %pushi/vec4 0, 0, 1;
    %store/vec4 v0x5ced9b65d310_0, 0, 1;
    %pushi/vec4 32768, 0, 16;
    %store/vec4 v0x5ced9b65d4f0_0, 0, 16;
    %pushi/vec4 1, 0, 1;
    %store/vec4 v0x5ced9b65d3b0_0, 0, 1;
    %delay 5, 0;
    %delay 5, 0;
    %pushi/vec4 0, 0, 1;
    %store/vec4 v0x5ced9b65d3b0_0, 0, 1;
    %delay 300, 0;
    %delay 5, 0;
    %pushi/vec4 1, 0, 1;
    %store/vec4 v0x5ced9b65d310_0, 0, 1;
    %delay 5, 0;
    %delay 5, 0;
    %pushi/vec4 0, 0, 1;
    %store/vec4 v0x5ced9b65d310_0, 0, 1;
    %pushi/vec4 0, 0, 16;
    %store/vec4 v0x5ced9b65d4f0_0, 0, 16;
    %pushi/vec4 1, 0, 1;
    %store/vec4 v0x5ced9b65d3b0_0, 0, 1;
    %delay 5, 0;
    %delay 5, 0;
    %pushi/vec4 0, 0, 1;
    %store/vec4 v0x5ced9b65d3b0_0, 0, 1;
    %delay 300, 0;
    %delay 5, 0;
    %pushi/vec4 1, 0, 1;
    %store/vec4 v0x5ced9b65d310_0, 0, 1;
    %delay 5, 0;
    %delay 5, 0;
    %pushi/vec4 0, 0, 1;
    %store/vec4 v0x5ced9b65d310_0, 0, 1;
    %pushi/vec4 32768, 0, 16;
    %store/vec4 v0x5ced9b65d4f0_0, 0, 16;
    %pushi/vec4 1, 0, 1;
    %store/vec4 v0x5ced9b65d3b0_0, 0, 1;
    %delay 5, 0;
    %delay 5, 0;
    %pushi/vec4 0, 0, 1;
    %store/vec4 v0x5ced9b65d3b0_0, 0, 1;
    %delay 300, 0;
    %vpi_call 2 129 "$finish" {0 0 0};
    %end;
    .thread T_9;
# The file index is used to find the file name in the following table.
:file_names 10;
    "N/A";
    "<interactive>";
    "cosTB.v";
    "cosTop.v";
    "cosCU.v";
    "cosDU.v";
    "reg18.v";
    "cntReg.v";
    "cosLUT.v";
    "reg16.v";
