#! /usr/bin/vvp
:ivl_version "12.0 (stable)" "(v12_0-dirty)";
:ivl_delay_selection "TYPICAL";
:vpi_time_precision - 9;
:vpi_module "/usr/lib/ivl/system.vpi";
:vpi_module "/usr/lib/ivl/vhdl_sys.vpi";
:vpi_module "/usr/lib/ivl/vhdl_textio.vpi";
:vpi_module "/usr/lib/ivl/v2005_math.vpi";
:vpi_module "/usr/lib/ivl/va_math.vpi";
S_0x5b3e88d104c0 .scope module, "sinTB" "sinTB" 2 4;
 .timescale -9 -9;
v0x5b3e88daa920_0 .var "clk", 0 0;
v0x5b3e88daa9e0_0 .net "done", 0 0, v0x5b3e88d470d0_0;  1 drivers
v0x5b3e88daaaf0_0 .net "rBus", 17 0, L_0x5b3e88dbbcb0;  1 drivers
v0x5b3e88daabe0_0 .var "rst", 0 0;
v0x5b3e88daac80_0 .var "start", 0 0;
v0x5b3e88daadc0_0 .var "xBus", 15 0;
S_0x5b3e88d10650 .scope module, "sin" "sinTop" 2 12, 3 2 0, S_0x5b3e88d104c0;
 .timescale 0 0;
    .port_info 0 /INPUT 1 "clk";
    .port_info 1 /INPUT 1 "rst";
    .port_info 2 /INPUT 1 "start";
    .port_info 3 /INPUT 16 "xBus";
    .port_info 4 /OUTPUT 18 "rBus";
    .port_info 5 /OUTPUT 1 "done";
v0x5b3e88da9e30_0 .net "clk", 0 0, v0x5b3e88daa920_0;  1 drivers
v0x5b3e88da9ef0_0 .net "cnt8", 0 0, L_0x5b3e88dbcce0;  1 drivers
v0x5b3e88daa000_0 .net "cntUp", 0 0, v0x5b3e88d46fd0_0;  1 drivers
v0x5b3e88daa0a0_0 .net "done", 0 0, v0x5b3e88d470d0_0;  alias, 1 drivers
v0x5b3e88daa140_0 .net "init0", 0 0, v0x5b3e88d42690_0;  1 drivers
v0x5b3e88daa230_0 .net "initS1", 0 0, v0x5b3e88d42790_0;  1 drivers
v0x5b3e88daa2d0_0 .net "initT1", 0 0, v0x5b3e88da3d80_0;  1 drivers
v0x5b3e88daa370_0 .net "ldS", 0 0, v0x5b3e88da3e40_0;  1 drivers
v0x5b3e88daa410_0 .net "ldT", 0 0, v0x5b3e88da3f00_0;  1 drivers
v0x5b3e88daa4b0_0 .net "ldX", 0 0, v0x5b3e88da3fc0_0;  1 drivers
v0x5b3e88daa550_0 .net "rBus", 17 0, L_0x5b3e88dbbcb0;  alias, 1 drivers
v0x5b3e88daa5f0_0 .net "rst", 0 0, v0x5b3e88daabe0_0;  1 drivers
v0x5b3e88daa690_0 .net "selXR", 0 0, v0x5b3e88da4300_0;  1 drivers
v0x5b3e88daa730_0 .net "start", 0 0, v0x5b3e88daac80_0;  1 drivers
v0x5b3e88daa7d0_0 .net "xBus", 15 0, v0x5b3e88daadc0_0;  1 drivers
S_0x5b3e88d5e850 .scope module, "cp" "sinCU" 3 10, 4 2 0, S_0x5b3e88d10650;
 .timescale 0 0;
    .port_info 0 /INPUT 1 "clk";
    .port_info 1 /INPUT 1 "rst";
    .port_info 2 /INPUT 1 "start";
    .port_info 3 /INPUT 1 "cnt8";
    .port_info 4 /OUTPUT 1 "done";
    .port_info 5 /OUTPUT 1 "ldX";
    .port_info 6 /OUTPUT 1 "initT1";
    .port_info 7 /OUTPUT 1 "initS1";
    .port_info 8 /OUTPUT 1 "ldT";
    .port_info 9 /OUTPUT 1 "ldS";
    .port_info 10 /OUTPUT 1 "init0";
    .port_info 11 /OUTPUT 1 "cntUp";
    .port_info 12 /OUTPUT 1 "selXR";
P_0x5b3e88d5ea30 .param/l "ADD" 0 4 7, +C4<00000000000000000000000000000110>;
P_0x5b3e88d5ea70 .param/l "GETINPUT" 0 4 7, +C4<00000000000000000000000000000010>;
P_0x5b3e88d5eab0 .param/l "GETINPUT2" 0 4 7, +C4<00000000000000000000000000000011>;
P_0x5b3e88d5eaf0 .param/l "IDLE" 0 4 7, +C4<00000000000000000000000000000000>;
P_0x5b3e88d5eb30 .param/l "MULT1" 0 4 7, +C4<00000000000000000000000000000100>;
P_0x5b3e88d5eb70 .param/l "MULT2" 0 4 7, +C4<00000000000000000000000000000101>;
P_0x5b3e88d5ebb0 .param/l "STARTING" 0 4 7, +C4<00000000000000000000000000000001>;
v0x5b3e88d45d40_0 .net "clk", 0 0, v0x5b3e88daa920_0;  alias, 1 drivers
v0x5b3e88d45e40_0 .net "cnt8", 0 0, L_0x5b3e88dbcce0;  alias, 1 drivers
v0x5b3e88d46fd0_0 .var "cntUp", 0 0;
v0x5b3e88d470d0_0 .var "done", 0 0;
v0x5b3e88d42690_0 .var "init0", 0 0;
v0x5b3e88d42790_0 .var "initS1", 0 0;
v0x5b3e88da3d80_0 .var "initT1", 0 0;
v0x5b3e88da3e40_0 .var "ldS", 0 0;
v0x5b3e88da3f00_0 .var "ldT", 0 0;
v0x5b3e88da3fc0_0 .var "ldX", 0 0;
v0x5b3e88da4080_0 .var "nstate", 2 0;
v0x5b3e88da4160_0 .var "pstate", 2 0;
v0x5b3e88da4240_0 .net "rst", 0 0, v0x5b3e88daabe0_0;  alias, 1 drivers
v0x5b3e88da4300_0 .var "selXR", 0 0;
v0x5b3e88da43c0_0 .net "start", 0 0, v0x5b3e88daac80_0;  alias, 1 drivers
E_0x5b3e88d52040 .event anyedge, v0x5b3e88d45e40_0, v0x5b3e88da43c0_0, v0x5b3e88da4160_0;
E_0x5b3e88d52270 .event posedge, v0x5b3e88da4240_0, v0x5b3e88d45d40_0;
S_0x5b3e88da4620 .scope module, "du" "sinDU" 3 7, 5 2 0, S_0x5b3e88d10650;
 .timescale 0 0;
    .port_info 0 /INPUT 1 "clk";
    .port_info 1 /INPUT 1 "rst";
    .port_info 2 /INPUT 1 "cntUp";
    .port_info 3 /INPUT 1 "init0";
    .port_info 4 /INPUT 1 "ldX";
    .port_info 5 /INPUT 1 "ldT";
    .port_info 6 /INPUT 1 "initT1";
    .port_info 7 /INPUT 1 "ldS";
    .port_info 8 /INPUT 1 "initS1";
    .port_info 9 /INPUT 1 "selXR";
    .port_info 10 /INPUT 16 "xBus";
    .port_info 11 /OUTPUT 1 "cnt8";
    .port_info 12 /OUTPUT 18 "rBus";
L_0x5b3e88dbbcb0 .functor BUFZ 18, v0x5b3e88da5c30_0, C4<000000000000000000>, C4<000000000000000000>, C4<000000000000000000>;
v0x5b3e88da70a0_0 .net *"_ivl_10", 31 0, L_0x5b3e88dab100;  1 drivers
L_0x7acb84ea60a8 .functor BUFT 1, C4<0000000000000000>, C4<0>, C4<0>, C4<0>;
v0x5b3e88da71a0_0 .net *"_ivl_13", 15 0, L_0x7acb84ea60a8;  1 drivers
v0x5b3e88da7280_0 .net *"_ivl_14", 31 0, L_0x5b3e88dbb270;  1 drivers
L_0x7acb84ea60f0 .functor BUFT 1, C4<0000000000000000>, C4<0>, C4<0>, C4<0>;
v0x5b3e88da7370_0 .net *"_ivl_17", 15 0, L_0x7acb84ea60f0;  1 drivers
v0x5b3e88da7450_0 .net *"_ivl_20", 31 0, L_0x5b3e88dbb540;  1 drivers
L_0x7acb84ea6138 .functor BUFT 1, C4<0000000000000000000000000000000>, C4<0>, C4<0>, C4<0>;
v0x5b3e88da7530_0 .net *"_ivl_23", 30 0, L_0x7acb84ea6138;  1 drivers
L_0x7acb84ea6180 .functor BUFT 1, C4<00000000000000000000000000000001>, C4<0>, C4<0>, C4<0>;
v0x5b3e88da7610_0 .net/2u *"_ivl_24", 31 0, L_0x7acb84ea6180;  1 drivers
v0x5b3e88da76f0_0 .net *"_ivl_26", 0 0, L_0x5b3e88dbb6b0;  1 drivers
v0x5b3e88da77b0_0 .net *"_ivl_29", 15 0, L_0x5b3e88dbb840;  1 drivers
v0x5b3e88da7920_0 .net *"_ivl_32", 31 0, L_0x5b3e88dbba80;  1 drivers
L_0x7acb84ea61c8 .functor BUFT 1, C4<0000000000000000>, C4<0>, C4<0>, C4<0>;
v0x5b3e88da7a00_0 .net *"_ivl_35", 15 0, L_0x7acb84ea61c8;  1 drivers
v0x5b3e88da7ae0_0 .net *"_ivl_36", 31 0, L_0x5b3e88dbbbc0;  1 drivers
L_0x7acb84ea6210 .functor BUFT 1, C4<0000000000000000>, C4<0>, C4<0>, C4<0>;
v0x5b3e88da7bc0_0 .net *"_ivl_39", 15 0, L_0x7acb84ea6210;  1 drivers
L_0x7acb84ea6060 .functor BUFT 1, C4<00>, C4<0>, C4<0>, C4<0>;
v0x5b3e88da7ca0_0 .net/2u *"_ivl_4", 1 0, L_0x7acb84ea6060;  1 drivers
v0x5b3e88da7d80_0 .net *"_ivl_42", 31 0, L_0x5b3e88dbbf00;  1 drivers
L_0x7acb84ea6258 .functor BUFT 1, C4<0000000000000000000000000000000>, C4<0>, C4<0>, C4<0>;
v0x5b3e88da7e60_0 .net *"_ivl_45", 30 0, L_0x7acb84ea6258;  1 drivers
L_0x7acb84ea62a0 .functor BUFT 1, C4<00000000000000000000000000000001>, C4<0>, C4<0>, C4<0>;
v0x5b3e88da7f40_0 .net/2u *"_ivl_46", 31 0, L_0x7acb84ea62a0;  1 drivers
v0x5b3e88da8020_0 .net *"_ivl_48", 0 0, L_0x5b3e88dbc150;  1 drivers
L_0x7acb84ea62e8 .functor BUFT 1, C4<00>, C4<0>, C4<0>, C4<0>;
v0x5b3e88da80e0_0 .net/2u *"_ivl_50", 1 0, L_0x7acb84ea62e8;  1 drivers
v0x5b3e88da81c0_0 .net *"_ivl_52", 17 0, L_0x5b3e88dbc240;  1 drivers
v0x5b3e88da82a0_0 .net *"_ivl_54", 17 0, L_0x5b3e88dbc3c0;  1 drivers
L_0x7acb84ea6330 .functor BUFT 1, C4<00>, C4<0>, C4<0>, C4<0>;
v0x5b3e88da8380_0 .net/2u *"_ivl_56", 1 0, L_0x7acb84ea6330;  1 drivers
v0x5b3e88da8460_0 .net *"_ivl_58", 17 0, L_0x5b3e88dbc500;  1 drivers
v0x5b3e88da8540_0 .net *"_ivl_60", 17 0, L_0x5b3e88dbc6d0;  1 drivers
L_0x7acb84ea6378 .functor BUFT 1, C4<111>, C4<0>, C4<0>, C4<0>;
v0x5b3e88da8620_0 .net/2u *"_ivl_66", 2 0, L_0x7acb84ea6378;  1 drivers
v0x5b3e88da8700_0 .net *"_ivl_68", 0 0, L_0x5b3e88dbc630;  1 drivers
L_0x7acb84ea63c0 .functor BUFT 1, C4<01>, C4<0>, C4<0>, C4<0>;
v0x5b3e88da87c0_0 .net/2s *"_ivl_70", 1 0, L_0x7acb84ea63c0;  1 drivers
L_0x7acb84ea6408 .functor BUFT 1, C4<00>, C4<0>, C4<0>, C4<0>;
v0x5b3e88da88a0_0 .net/2s *"_ivl_72", 1 0, L_0x7acb84ea6408;  1 drivers
v0x5b3e88da8980_0 .net *"_ivl_74", 1 0, L_0x5b3e88dbcae0;  1 drivers
v0x5b3e88da8a60_0 .net "addOut", 17 0, L_0x5b3e88dbc7c0;  1 drivers
v0x5b3e88da8b20_0 .net "clk", 0 0, v0x5b3e88daa920_0;  alias, 1 drivers
v0x5b3e88da8bc0_0 .net "cnt8", 0 0, L_0x5b3e88dbcce0;  alias, 1 drivers
v0x5b3e88da8c90_0 .net "cntOut", 2 0, v0x5b3e88da4c60_0;  1 drivers
v0x5b3e88da8d30_0 .net "cntUp", 0 0, v0x5b3e88d46fd0_0;  alias, 1 drivers
v0x5b3e88da8e20_0 .net "init0", 0 0, v0x5b3e88d42690_0;  alias, 1 drivers
v0x5b3e88da8f10_0 .net "initS1", 0 0, v0x5b3e88d42790_0;  alias, 1 drivers
v0x5b3e88da9000_0 .net "initT1", 0 0, v0x5b3e88da3d80_0;  alias, 1 drivers
v0x5b3e88da90f0_0 .net "isOdd", 0 0, L_0x5b3e88dab060;  1 drivers
v0x5b3e88da9190_0 .net "ldS", 0 0, v0x5b3e88da3e40_0;  alias, 1 drivers
v0x5b3e88da9280_0 .net "ldT", 0 0, v0x5b3e88da3f00_0;  alias, 1 drivers
v0x5b3e88da9370_0 .net "ldX", 0 0, v0x5b3e88da3fc0_0;  alias, 1 drivers
v0x5b3e88da9460_0 .net "lutOut", 15 0, v0x5b3e88da5410_0;  1 drivers
v0x5b3e88da9520_0 .net "mulOut", 31 0, L_0x5b3e88dbbd70;  1 drivers
v0x5b3e88da95e0_0 .net "muxOut", 15 0, L_0x5b3e88dbb930;  1 drivers
v0x5b3e88da96c0_0 .net "rBus", 17 0, L_0x5b3e88dbbcb0;  alias, 1 drivers
v0x5b3e88da97a0_0 .net "rst", 0 0, v0x5b3e88daabe0_0;  alias, 1 drivers
v0x5b3e88da9840_0 .net "sOut", 17 0, v0x5b3e88da5c30_0;  1 drivers
v0x5b3e88da9900_0 .net "selXR", 0 0, v0x5b3e88da4300_0;  alias, 1 drivers
v0x5b3e88da99a0_0 .net "tOut", 15 0, v0x5b3e88da6590_0;  1 drivers
v0x5b3e88da9a40_0 .net "xBus", 15 0, v0x5b3e88daadc0_0;  alias, 1 drivers
v0x5b3e88da9ae0_0 .net "xOut", 15 0, v0x5b3e88da6df0_0;  1 drivers
v0x5b3e88da9bd0_0 .net "xSquared", 31 0, L_0x5b3e88dbb3c0;  1 drivers
L_0x5b3e88daaed0 .part L_0x5b3e88dbbd70, 16, 16;
L_0x5b3e88daaf70 .concat [ 16 2 0 0], v0x5b3e88da6df0_0, L_0x7acb84ea6060;
L_0x5b3e88dab060 .part v0x5b3e88da4c60_0, 0, 1;
L_0x5b3e88dab100 .concat [ 16 16 0 0], v0x5b3e88da6df0_0, L_0x7acb84ea60a8;
L_0x5b3e88dbb270 .concat [ 16 16 0 0], v0x5b3e88da6df0_0, L_0x7acb84ea60f0;
L_0x5b3e88dbb3c0 .arith/mult 32, L_0x5b3e88dab100, L_0x5b3e88dbb270;
L_0x5b3e88dbb540 .concat [ 1 31 0 0], v0x5b3e88da4300_0, L_0x7acb84ea6138;
L_0x5b3e88dbb6b0 .cmp/eq 32, L_0x5b3e88dbb540, L_0x7acb84ea6180;
L_0x5b3e88dbb840 .part L_0x5b3e88dbb3c0, 16, 16;
L_0x5b3e88dbb930 .functor MUXZ 16, v0x5b3e88da5410_0, L_0x5b3e88dbb840, L_0x5b3e88dbb6b0, C4<>;
L_0x5b3e88dbba80 .concat [ 16 16 0 0], L_0x5b3e88dbb930, L_0x7acb84ea61c8;
L_0x5b3e88dbbbc0 .concat [ 16 16 0 0], v0x5b3e88da6590_0, L_0x7acb84ea6210;
L_0x5b3e88dbbd70 .arith/mult 32, L_0x5b3e88dbba80, L_0x5b3e88dbbbc0;
L_0x5b3e88dbbf00 .concat [ 1 31 0 0], L_0x5b3e88dab060, L_0x7acb84ea6258;
L_0x5b3e88dbc150 .cmp/eq 32, L_0x5b3e88dbbf00, L_0x7acb84ea62a0;
L_0x5b3e88dbc240 .concat [ 16 2 0 0], v0x5b3e88da6590_0, L_0x7acb84ea62e8;
L_0x5b3e88dbc3c0 .arith/sub 18, v0x5b3e88da5c30_0, L_0x5b3e88dbc240;
L_0x5b3e88dbc500 .concat [ 16 2 0 0], v0x5b3e88da6590_0, L_0x7acb84ea6330;
L_0x5b3e88dbc6d0 .arith/sum 18, v0x5b3e88da5c30_0, L_0x5b3e88dbc500;
L_0x5b3e88dbc7c0 .functor MUXZ 18, L_0x5b3e88dbc6d0, L_0x5b3e88dbc3c0, L_0x5b3e88dbc150, C4<>;
L_0x5b3e88dbc630 .cmp/eq 3, v0x5b3e88da4c60_0, L_0x7acb84ea6378;
L_0x5b3e88dbcae0 .functor MUXZ 2, L_0x7acb84ea6408, L_0x7acb84ea63c0, L_0x5b3e88dbc630, C4<>;
L_0x5b3e88dbcce0 .part L_0x5b3e88dbcae0, 0, 1;
S_0x5b3e88da4910 .scope module, "cntr" "cntReg" 5 14, 6 2 0, S_0x5b3e88da4620;
 .timescale 0 0;
    .port_info 0 /INPUT 1 "clk";
    .port_info 1 /INPUT 1 "rst";
    .port_info 2 /INPUT 1 "cntUp";
    .port_info 3 /INPUT 1 "init0";
    .port_info 4 /OUTPUT 3 "cnt";
v0x5b3e88da4b70_0 .net "clk", 0 0, v0x5b3e88daa920_0;  alias, 1 drivers
v0x5b3e88da4c60_0 .var "cnt", 2 0;
v0x5b3e88da4d20_0 .net "cntUp", 0 0, v0x5b3e88d46fd0_0;  alias, 1 drivers
v0x5b3e88da4e20_0 .net "init0", 0 0, v0x5b3e88d42690_0;  alias, 1 drivers
v0x5b3e88da4ef0_0 .net "rst", 0 0, v0x5b3e88daabe0_0;  alias, 1 drivers
S_0x5b3e88da5030 .scope module, "lut" "sinLUT" 5 15, 7 2 0, S_0x5b3e88da4620;
 .timescale 0 0;
    .port_info 0 /INPUT 3 "addr";
    .port_info 1 /OUTPUT 16 "data";
v0x5b3e88da5270_0 .net "addr", 2 0, v0x5b3e88da4c60_0;  alias, 1 drivers
v0x5b3e88da5350_0 .net "data", 15 0, v0x5b3e88da5410_0;  alias, 1 drivers
v0x5b3e88da5410_0 .var "dataOut", 15 0;
E_0x5b3e88d344b0 .event anyedge, v0x5b3e88da4c60_0;
S_0x5b3e88da5560 .scope module, "sReg" "sinReg18" 5 18, 8 2 0, S_0x5b3e88da4620;
 .timescale 0 0;
    .port_info 0 /INPUT 1 "clk";
    .port_info 1 /INPUT 1 "rst";
    .port_info 2 /INPUT 1 "init1";
    .port_info 3 /INPUT 1 "load";
    .port_info 4 /INPUT 18 "initS";
    .port_info 5 /INPUT 18 "in";
    .port_info 6 /OUTPUT 18 "out";
v0x5b3e88da5820_0 .net "clk", 0 0, v0x5b3e88daa920_0;  alias, 1 drivers
v0x5b3e88da5910_0 .net "in", 17 0, L_0x5b3e88dbc7c0;  alias, 1 drivers
v0x5b3e88da59d0_0 .net "init1", 0 0, v0x5b3e88d42790_0;  alias, 1 drivers
v0x5b3e88da5aa0_0 .net "initS", 17 0, L_0x5b3e88daaf70;  1 drivers
v0x5b3e88da5b40_0 .net "load", 0 0, v0x5b3e88da3e40_0;  alias, 1 drivers
v0x5b3e88da5c30_0 .var "out", 17 0;
v0x5b3e88da5cf0_0 .net "rst", 0 0, v0x5b3e88daabe0_0;  alias, 1 drivers
S_0x5b3e88da5f00 .scope module, "tReg" "sinReg16" 5 17, 9 2 0, S_0x5b3e88da4620;
 .timescale 0 0;
    .port_info 0 /INPUT 1 "clk";
    .port_info 1 /INPUT 1 "rst";
    .port_info 2 /INPUT 1 "init1";
    .port_info 3 /INPUT 1 "load";
    .port_info 4 /INPUT 16 "initVal";
    .port_info 5 /INPUT 16 "in";
    .port_info 6 /OUTPUT 16 "out";
v0x5b3e88da6190_0 .net "clk", 0 0, v0x5b3e88daa920_0;  alias, 1 drivers
v0x5b3e88da6250_0 .net "in", 15 0, L_0x5b3e88daaed0;  1 drivers
v0x5b3e88da6330_0 .net "init1", 0 0, v0x5b3e88da3d80_0;  alias, 1 drivers
v0x5b3e88da6400_0 .net "initVal", 15 0, v0x5b3e88da6df0_0;  alias, 1 drivers
v0x5b3e88da64a0_0 .net "load", 0 0, v0x5b3e88da3f00_0;  alias, 1 drivers
v0x5b3e88da6590_0 .var "out", 15 0;
v0x5b3e88da6650_0 .net "rst", 0 0, v0x5b3e88daabe0_0;  alias, 1 drivers
S_0x5b3e88da6810 .scope module, "xReg" "reg16" 5 16, 10 2 0, S_0x5b3e88da4620;
 .timescale 0 0;
    .port_info 0 /INPUT 1 "clk";
    .port_info 1 /INPUT 1 "rst";
    .port_info 2 /INPUT 1 "init1";
    .port_info 3 /INPUT 1 "load";
    .port_info 4 /INPUT 16 "in";
    .port_info 5 /OUTPUT 16 "out";
v0x5b3e88da6ae0_0 .net "clk", 0 0, v0x5b3e88daa920_0;  alias, 1 drivers
v0x5b3e88da6ba0_0 .net "in", 15 0, v0x5b3e88daadc0_0;  alias, 1 drivers
L_0x7acb84ea6018 .functor BUFT 1, C4<0>, C4<0>, C4<0>, C4<0>;
v0x5b3e88da6c80_0 .net "init1", 0 0, L_0x7acb84ea6018;  1 drivers
v0x5b3e88da6d20_0 .net "load", 0 0, v0x5b3e88da3fc0_0;  alias, 1 drivers
v0x5b3e88da6df0_0 .var "out", 15 0;
v0x5b3e88da6e90_0 .net "rst", 0 0, v0x5b3e88daabe0_0;  alias, 1 drivers
    .scope S_0x5b3e88da4910;
T_0 ;
    %wait E_0x5b3e88d52270;
    %load/vec4 v0x5b3e88da4ef0_0;
    %pad/u 32;
    %cmpi/e 1, 0, 32;
    %jmp/0xz  T_0.0, 4;
    %pushi/vec4 0, 0, 3;
    %assign/vec4 v0x5b3e88da4c60_0, 0;
    %jmp T_0.1;
T_0.0 ;
    %load/vec4 v0x5b3e88da4e20_0;
    %pad/u 32;
    %cmpi/e 1, 0, 32;
    %jmp/0xz  T_0.2, 4;
    %pushi/vec4 0, 0, 3;
    %assign/vec4 v0x5b3e88da4c60_0, 0;
    %jmp T_0.3;
T_0.2 ;
    %load/vec4 v0x5b3e88da4d20_0;
    %pad/u 32;
    %cmpi/e 1, 0, 32;
    %jmp/0xz  T_0.4, 4;
    %load/vec4 v0x5b3e88da4c60_0;
    %addi 1, 0, 3;
    %assign/vec4 v0x5b3e88da4c60_0, 0;
T_0.4 ;
T_0.3 ;
T_0.1 ;
    %jmp T_0;
    .thread T_0;
    .scope S_0x5b3e88da5030;
T_1 ;
    %wait E_0x5b3e88d344b0;
    %load/vec4 v0x5b3e88da5270_0;
    %dup/vec4;
    %pushi/vec4 0, 0, 3;
    %cmp/u;
    %jmp/1 T_1.0, 6;
    %dup/vec4;
    %pushi/vec4 1, 0, 3;
    %cmp/u;
    %jmp/1 T_1.1, 6;
    %dup/vec4;
    %pushi/vec4 2, 0, 3;
    %cmp/u;
    %jmp/1 T_1.2, 6;
    %dup/vec4;
    %pushi/vec4 3, 0, 3;
    %cmp/u;
    %jmp/1 T_1.3, 6;
    %dup/vec4;
    %pushi/vec4 4, 0, 3;
    %cmp/u;
    %jmp/1 T_1.4, 6;
    %dup/vec4;
    %pushi/vec4 5, 0, 3;
    %cmp/u;
    %jmp/1 T_1.5, 6;
    %dup/vec4;
    %pushi/vec4 6, 0, 3;
    %cmp/u;
    %jmp/1 T_1.6, 6;
    %dup/vec4;
    %pushi/vec4 7, 0, 3;
    %cmp/u;
    %jmp/1 T_1.7, 6;
    %jmp T_1.8;
T_1.0 ;
    %pushi/vec4 65535, 0, 16;
    %store/vec4 v0x5b3e88da5410_0, 0, 16;
    %jmp T_1.8;
T_1.1 ;
    %pushi/vec4 10923, 0, 16;
    %store/vec4 v0x5b3e88da5410_0, 0, 16;
    %jmp T_1.8;
T_1.2 ;
    %pushi/vec4 546, 0, 16;
    %store/vec4 v0x5b3e88da5410_0, 0, 16;
    %jmp T_1.8;
T_1.3 ;
    %pushi/vec4 13, 0, 16;
    %store/vec4 v0x5b3e88da5410_0, 0, 16;
    %jmp T_1.8;
T_1.4 ;
    %pushi/vec4 0, 0, 16;
    %store/vec4 v0x5b3e88da5410_0, 0, 16;
    %jmp T_1.8;
T_1.5 ;
    %pushi/vec4 0, 0, 16;
    %store/vec4 v0x5b3e88da5410_0, 0, 16;
    %jmp T_1.8;
T_1.6 ;
    %pushi/vec4 0, 0, 16;
    %store/vec4 v0x5b3e88da5410_0, 0, 16;
    %jmp T_1.8;
T_1.7 ;
    %pushi/vec4 0, 0, 16;
    %store/vec4 v0x5b3e88da5410_0, 0, 16;
    %jmp T_1.8;
T_1.8 ;
    %pop/vec4 1;
    %jmp T_1;
    .thread T_1, $push;
    .scope S_0x5b3e88da6810;
T_2 ;
    %wait E_0x5b3e88d52270;
    %load/vec4 v0x5b3e88da6e90_0;
    %pad/u 32;
    %cmpi/e 1, 0, 32;
    %jmp/0xz  T_2.0, 4;
    %pushi/vec4 0, 0, 16;
    %assign/vec4 v0x5b3e88da6df0_0, 0;
    %jmp T_2.1;
T_2.0 ;
    %load/vec4 v0x5b3e88da6c80_0;
    %pad/u 32;
    %cmpi/e 1, 0, 32;
    %jmp/0xz  T_2.2, 4;
    %pushi/vec4 65535, 0, 16;
    %assign/vec4 v0x5b3e88da6df0_0, 0;
    %jmp T_2.3;
T_2.2 ;
    %load/vec4 v0x5b3e88da6d20_0;
    %pad/u 32;
    %cmpi/e 1, 0, 32;
    %jmp/0xz  T_2.4, 4;
    %load/vec4 v0x5b3e88da6ba0_0;
    %assign/vec4 v0x5b3e88da6df0_0, 0;
T_2.4 ;
T_2.3 ;
T_2.1 ;
    %jmp T_2;
    .thread T_2;
    .scope S_0x5b3e88da5f00;
T_3 ;
    %wait E_0x5b3e88d52270;
    %load/vec4 v0x5b3e88da6650_0;
    %pad/u 32;
    %cmpi/e 1, 0, 32;
    %jmp/0xz  T_3.0, 4;
    %pushi/vec4 0, 0, 16;
    %assign/vec4 v0x5b3e88da6590_0, 0;
    %jmp T_3.1;
T_3.0 ;
    %load/vec4 v0x5b3e88da6330_0;
    %pad/u 32;
    %cmpi/e 1, 0, 32;
    %jmp/0xz  T_3.2, 4;
    %load/vec4 v0x5b3e88da6400_0;
    %assign/vec4 v0x5b3e88da6590_0, 0;
    %jmp T_3.3;
T_3.2 ;
    %load/vec4 v0x5b3e88da64a0_0;
    %pad/u 32;
    %cmpi/e 1, 0, 32;
    %jmp/0xz  T_3.4, 4;
    %load/vec4 v0x5b3e88da6250_0;
    %assign/vec4 v0x5b3e88da6590_0, 0;
T_3.4 ;
T_3.3 ;
T_3.1 ;
    %jmp T_3;
    .thread T_3;
    .scope S_0x5b3e88da5560;
T_4 ;
    %wait E_0x5b3e88d52270;
    %load/vec4 v0x5b3e88da5cf0_0;
    %pad/u 32;
    %cmpi/e 1, 0, 32;
    %jmp/0xz  T_4.0, 4;
    %pushi/vec4 0, 0, 18;
    %assign/vec4 v0x5b3e88da5c30_0, 0;
    %jmp T_4.1;
T_4.0 ;
    %load/vec4 v0x5b3e88da59d0_0;
    %pad/u 32;
    %cmpi/e 1, 0, 32;
    %jmp/0xz  T_4.2, 4;
    %load/vec4 v0x5b3e88da5aa0_0;
    %assign/vec4 v0x5b3e88da5c30_0, 0;
    %jmp T_4.3;
T_4.2 ;
    %load/vec4 v0x5b3e88da5b40_0;
    %pad/u 32;
    %cmpi/e 1, 0, 32;
    %jmp/0xz  T_4.4, 4;
    %load/vec4 v0x5b3e88da5910_0;
    %assign/vec4 v0x5b3e88da5c30_0, 0;
T_4.4 ;
T_4.3 ;
T_4.1 ;
    %jmp T_4;
    .thread T_4;
    .scope S_0x5b3e88d5e850;
T_5 ;
    %wait E_0x5b3e88d52270;
    %load/vec4 v0x5b3e88da4240_0;
    %pad/u 32;
    %cmpi/e 1, 0, 32;
    %jmp/0xz  T_5.0, 4;
    %pushi/vec4 0, 0, 3;
    %assign/vec4 v0x5b3e88da4160_0, 0;
    %jmp T_5.1;
T_5.0 ;
    %load/vec4 v0x5b3e88da4080_0;
    %assign/vec4 v0x5b3e88da4160_0, 0;
T_5.1 ;
    %jmp T_5;
    .thread T_5;
    .scope S_0x5b3e88d5e850;
T_6 ;
    %wait E_0x5b3e88d52040;
    %pushi/vec4 0, 0, 3;
    %store/vec4 v0x5b3e88da4080_0, 0, 3;
    %pushi/vec4 0, 0, 1;
    %store/vec4 v0x5b3e88d470d0_0, 0, 1;
    %pushi/vec4 0, 0, 8;
    %split/vec4 1;
    %store/vec4 v0x5b3e88da4300_0, 0, 1;
    %split/vec4 1;
    %store/vec4 v0x5b3e88d46fd0_0, 0, 1;
    %split/vec4 1;
    %store/vec4 v0x5b3e88d42690_0, 0, 1;
    %split/vec4 1;
    %store/vec4 v0x5b3e88da3e40_0, 0, 1;
    %split/vec4 1;
    %store/vec4 v0x5b3e88da3f00_0, 0, 1;
    %split/vec4 1;
    %store/vec4 v0x5b3e88d42790_0, 0, 1;
    %split/vec4 1;
    %store/vec4 v0x5b3e88da3d80_0, 0, 1;
    %store/vec4 v0x5b3e88da3fc0_0, 0, 1;
    %load/vec4 v0x5b3e88da4160_0;
    %pad/u 32;
    %cmpi/e 0, 0, 32;
    %jmp/0xz  T_6.0, 4;
    %load/vec4 v0x5b3e88da43c0_0;
    %pad/u 32;
    %cmpi/e 1, 0, 32;
    %flag_mov 8, 4;
    %jmp/0 T_6.2, 8;
    %pushi/vec4 1, 0, 32;
    %jmp/1 T_6.3, 8;
T_6.2 ; End of true expr.
    %pushi/vec4 0, 0, 32;
    %jmp/0 T_6.3, 8;
 ; End of false expr.
    %blend;
T_6.3;
    %pad/s 3;
    %store/vec4 v0x5b3e88da4080_0, 0, 3;
    %pushi/vec4 1, 0, 1;
    %store/vec4 v0x5b3e88d470d0_0, 0, 1;
T_6.0 ;
    %load/vec4 v0x5b3e88da4160_0;
    %pad/u 32;
    %cmpi/e 1, 0, 32;
    %jmp/0xz  T_6.4, 4;
    %load/vec4 v0x5b3e88da43c0_0;
    %pad/u 32;
    %cmpi/e 0, 0, 32;
    %flag_mov 8, 4;
    %jmp/0 T_6.6, 8;
    %pushi/vec4 2, 0, 32;
    %jmp/1 T_6.7, 8;
T_6.6 ; End of true expr.
    %pushi/vec4 1, 0, 32;
    %jmp/0 T_6.7, 8;
 ; End of false expr.
    %blend;
T_6.7;
    %pad/s 3;
    %store/vec4 v0x5b3e88da4080_0, 0, 3;
T_6.4 ;
    %load/vec4 v0x5b3e88da4160_0;
    %pad/u 32;
    %cmpi/e 2, 0, 32;
    %jmp/0xz  T_6.8, 4;
    %pushi/vec4 3, 0, 3;
    %store/vec4 v0x5b3e88da4080_0, 0, 3;
    %pushi/vec4 1, 0, 1;
    %store/vec4 v0x5b3e88da3fc0_0, 0, 1;
T_6.8 ;
    %load/vec4 v0x5b3e88da4160_0;
    %pad/u 32;
    %cmpi/e 3, 0, 32;
    %jmp/0xz  T_6.10, 4;
    %pushi/vec4 4, 0, 3;
    %store/vec4 v0x5b3e88da4080_0, 0, 3;
    %pushi/vec4 1, 0, 1;
    %store/vec4 v0x5b3e88da3d80_0, 0, 1;
    %pushi/vec4 1, 0, 1;
    %store/vec4 v0x5b3e88d42790_0, 0, 1;
    %pushi/vec4 1, 0, 1;
    %store/vec4 v0x5b3e88d42690_0, 0, 1;
T_6.10 ;
    %load/vec4 v0x5b3e88da4160_0;
    %pad/u 32;
    %cmpi/e 4, 0, 32;
    %jmp/0xz  T_6.12, 4;
    %pushi/vec4 5, 0, 3;
    %store/vec4 v0x5b3e88da4080_0, 0, 3;
    %pushi/vec4 1, 0, 1;
    %store/vec4 v0x5b3e88da4300_0, 0, 1;
    %pushi/vec4 1, 0, 1;
    %store/vec4 v0x5b3e88da3f00_0, 0, 1;
T_6.12 ;
    %load/vec4 v0x5b3e88da4160_0;
    %pad/u 32;
    %cmpi/e 5, 0, 32;
    %jmp/0xz  T_6.14, 4;
    %pushi/vec4 6, 0, 3;
    %store/vec4 v0x5b3e88da4080_0, 0, 3;
    %pushi/vec4 1, 0, 1;
    %store/vec4 v0x5b3e88da3f00_0, 0, 1;
T_6.14 ;
    %load/vec4 v0x5b3e88da4160_0;
    %pad/u 32;
    %cmpi/e 6, 0, 32;
    %jmp/0xz  T_6.16, 4;
    %load/vec4 v0x5b3e88d45e40_0;
    %pad/u 32;
    %cmpi/e 1, 0, 32;
    %flag_mov 8, 4;
    %jmp/0 T_6.18, 8;
    %pushi/vec4 0, 0, 32;
    %jmp/1 T_6.19, 8;
T_6.18 ; End of true expr.
    %pushi/vec4 4, 0, 32;
    %jmp/0 T_6.19, 8;
 ; End of false expr.
    %blend;
T_6.19;
    %pad/s 3;
    %store/vec4 v0x5b3e88da4080_0, 0, 3;
    %pushi/vec4 1, 0, 1;
    %store/vec4 v0x5b3e88da3e40_0, 0, 1;
    %pushi/vec4 1, 0, 1;
    %store/vec4 v0x5b3e88d46fd0_0, 0, 1;
T_6.16 ;
    %jmp T_6;
    .thread T_6, $push;
    .scope S_0x5b3e88d104c0;
T_7 ;
    %pushi/vec4 0, 0, 1;
    %store/vec4 v0x5b3e88daa920_0, 0, 1;
    %pushi/vec4 0, 0, 1;
    %store/vec4 v0x5b3e88daabe0_0, 0, 1;
    %pushi/vec4 0, 0, 1;
    %store/vec4 v0x5b3e88daac80_0, 0, 1;
    %end;
    .thread T_7;
    .scope S_0x5b3e88d104c0;
T_8 ;
    %delay 5, 0;
    %load/vec4 v0x5b3e88daa920_0;
    %inv;
    %assign/vec4 v0x5b3e88daa920_0, 0;
    %jmp T_8;
    .thread T_8;
    .scope S_0x5b3e88d104c0;
T_9 ;
    %vpi_call 2 18 "$dumpfile", "sin_sim.vcd" {0 0 0};
    %vpi_call 2 19 "$dumpvars", 32'sb00000000000000000000000000000000, S_0x5b3e88d104c0 {0 0 0};
    %delay 5, 0;
    %pushi/vec4 1, 0, 1;
    %store/vec4 v0x5b3e88daabe0_0, 0, 1;
    %delay 5, 0;
    %delay 5, 0;
    %pushi/vec4 0, 0, 1;
    %store/vec4 v0x5b3e88daabe0_0, 0, 1;
    %pushi/vec4 0, 0, 16;
    %store/vec4 v0x5b3e88daadc0_0, 0, 16;
    %pushi/vec4 1, 0, 1;
    %store/vec4 v0x5b3e88daac80_0, 0, 1;
    %delay 5, 0;
    %delay 5, 0;
    %pushi/vec4 0, 0, 1;
    %store/vec4 v0x5b3e88daac80_0, 0, 1;
    %delay 300, 0;
    %delay 5, 0;
    %pushi/vec4 1, 0, 1;
    %store/vec4 v0x5b3e88daabe0_0, 0, 1;
    %delay 5, 0;
    %delay 5, 0;
    %pushi/vec4 0, 0, 1;
    %store/vec4 v0x5b3e88daabe0_0, 0, 1;
    %pushi/vec4 8192, 0, 16;
    %store/vec4 v0x5b3e88daadc0_0, 0, 16;
    %pushi/vec4 1, 0, 1;
    %store/vec4 v0x5b3e88daac80_0, 0, 1;
    %delay 5, 0;
    %delay 5, 0;
    %pushi/vec4 0, 0, 1;
    %store/vec4 v0x5b3e88daac80_0, 0, 1;
    %delay 300, 0;
    %delay 5, 0;
    %pushi/vec4 1, 0, 1;
    %store/vec4 v0x5b3e88daabe0_0, 0, 1;
    %delay 5, 0;
    %delay 5, 0;
    %pushi/vec4 0, 0, 1;
    %store/vec4 v0x5b3e88daabe0_0, 0, 1;
    %pushi/vec4 16384, 0, 16;
    %store/vec4 v0x5b3e88daadc0_0, 0, 16;
    %pushi/vec4 1, 0, 1;
    %store/vec4 v0x5b3e88daac80_0, 0, 1;
    %delay 5, 0;
    %delay 5, 0;
    %pushi/vec4 0, 0, 1;
    %store/vec4 v0x5b3e88daac80_0, 0, 1;
    %delay 300, 0;
    %delay 5, 0;
    %pushi/vec4 1, 0, 1;
    %store/vec4 v0x5b3e88daabe0_0, 0, 1;
    %delay 5, 0;
    %delay 5, 0;
    %pushi/vec4 0, 0, 1;
    %store/vec4 v0x5b3e88daabe0_0, 0, 1;
    %pushi/vec4 32768, 0, 16;
    %store/vec4 v0x5b3e88daadc0_0, 0, 16;
    %pushi/vec4 1, 0, 1;
    %store/vec4 v0x5b3e88daac80_0, 0, 1;
    %delay 5, 0;
    %delay 5, 0;
    %pushi/vec4 0, 0, 1;
    %store/vec4 v0x5b3e88daac80_0, 0, 1;
    %delay 300, 0;
    %delay 5, 0;
    %pushi/vec4 1, 0, 1;
    %store/vec4 v0x5b3e88daabe0_0, 0, 1;
    %delay 5, 0;
    %delay 5, 0;
    %pushi/vec4 0, 0, 1;
    %store/vec4 v0x5b3e88daabe0_0, 0, 1;
    %pushi/vec4 65535, 0, 16;
    %store/vec4 v0x5b3e88daadc0_0, 0, 16;
    %pushi/vec4 1, 0, 1;
    %store/vec4 v0x5b3e88daac80_0, 0, 1;
    %delay 5, 0;
    %delay 5, 0;
    %pushi/vec4 0, 0, 1;
    %store/vec4 v0x5b3e88daac80_0, 0, 1;
    %delay 300, 0;
    %delay 5, 0;
    %pushi/vec4 1, 0, 1;
    %store/vec4 v0x5b3e88daabe0_0, 0, 1;
    %delay 5, 0;
    %delay 5, 0;
    %pushi/vec4 0, 0, 1;
    %store/vec4 v0x5b3e88daabe0_0, 0, 1;
    %pushi/vec4 32768, 0, 16;
    %store/vec4 v0x5b3e88daadc0_0, 0, 16;
    %pushi/vec4 1, 0, 1;
    %store/vec4 v0x5b3e88daac80_0, 0, 1;
    %delay 5, 0;
    %delay 5, 0;
    %pushi/vec4 0, 0, 1;
    %store/vec4 v0x5b3e88daac80_0, 0, 1;
    %delay 300, 0;
    %delay 5, 0;
    %pushi/vec4 1, 0, 1;
    %store/vec4 v0x5b3e88daabe0_0, 0, 1;
    %delay 5, 0;
    %delay 5, 0;
    %pushi/vec4 0, 0, 1;
    %store/vec4 v0x5b3e88daabe0_0, 0, 1;
    %pushi/vec4 0, 0, 16;
    %store/vec4 v0x5b3e88daadc0_0, 0, 16;
    %pushi/vec4 1, 0, 1;
    %store/vec4 v0x5b3e88daac80_0, 0, 1;
    %delay 5, 0;
    %delay 5, 0;
    %pushi/vec4 0, 0, 1;
    %store/vec4 v0x5b3e88daac80_0, 0, 1;
    %delay 300, 0;
    %delay 5, 0;
    %pushi/vec4 1, 0, 1;
    %store/vec4 v0x5b3e88daabe0_0, 0, 1;
    %delay 5, 0;
    %delay 5, 0;
    %pushi/vec4 0, 0, 1;
    %store/vec4 v0x5b3e88daabe0_0, 0, 1;
    %pushi/vec4 32768, 0, 16;
    %store/vec4 v0x5b3e88daadc0_0, 0, 16;
    %pushi/vec4 1, 0, 1;
    %store/vec4 v0x5b3e88daac80_0, 0, 1;
    %delay 5, 0;
    %delay 5, 0;
    %pushi/vec4 0, 0, 1;
    %store/vec4 v0x5b3e88daac80_0, 0, 1;
    %delay 300, 0;
    %delay 5, 0;
    %pushi/vec4 1, 0, 1;
    %store/vec4 v0x5b3e88daabe0_0, 0, 1;
    %delay 5, 0;
    %delay 5, 0;
    %pushi/vec4 0, 0, 1;
    %store/vec4 v0x5b3e88daabe0_0, 0, 1;
    %pushi/vec4 0, 0, 16;
    %store/vec4 v0x5b3e88daadc0_0, 0, 16;
    %pushi/vec4 1, 0, 1;
    %store/vec4 v0x5b3e88daac80_0, 0, 1;
    %delay 5, 0;
    %delay 5, 0;
    %pushi/vec4 0, 0, 1;
    %store/vec4 v0x5b3e88daac80_0, 0, 1;
    %delay 300, 0;
    %delay 5, 0;
    %pushi/vec4 1, 0, 1;
    %store/vec4 v0x5b3e88daabe0_0, 0, 1;
    %delay 5, 0;
    %delay 5, 0;
    %pushi/vec4 0, 0, 1;
    %store/vec4 v0x5b3e88daabe0_0, 0, 1;
    %pushi/vec4 32768, 0, 16;
    %store/vec4 v0x5b3e88daadc0_0, 0, 16;
    %pushi/vec4 1, 0, 1;
    %store/vec4 v0x5b3e88daac80_0, 0, 1;
    %delay 5, 0;
    %delay 5, 0;
    %pushi/vec4 0, 0, 1;
    %store/vec4 v0x5b3e88daac80_0, 0, 1;
    %delay 300, 0;
    %vpi_call 2 129 "$finish" {0 0 0};
    %end;
    .thread T_9;
# The file index is used to find the file name in the following table.
:file_names 11;
    "N/A";
    "<interactive>";
    "sinTB.v";
    "sinTop.v";
    "sinCU.v";
    "sinDU.v";
    "cntReg.v";
    "sinLUT.v";
    "sinReg18.v";
    "sinReg16.v";
    "reg16.v";
